<?xml version="1.0" encoding="UTF-8"?>
<testng-results ignored="0" total="2" passed="2" failed="0" skipped="0">
  <reporter-output>
  </reporter-output>
  <suite started-at="2024-03-26T13:35:34 IST" name="Default suite" finished-at="2024-03-26T13:35:54 IST" duration-ms="20384">
    <groups>
      <group name="cucumber">
        <method signature="AbstractTestNGCucumberTests.runScenario(io.cucumber.testng.PickleWrapper,io.cucumber.testng.FeatureWrapper)[pri:0, instance:com.application.testrunner.TestRunner@618b19ad]" name="runScenario" class="io.cucumber.testng.AbstractTestNGCucumberTests"/>
      </group> <!-- cucumber -->
    </groups>
    <test started-at="2024-03-26T13:35:34 IST" name="Default test" finished-at="2024-03-26T13:35:54 IST" duration-ms="20384">
      <class name="com.application.testrunner.TestRunner">
        <test-method is-config="true" signature="setUpClass(org.testng.ITestContext)[pri:0, instance:com.application.testrunner.TestRunner@618b19ad]" started-at="2024-03-26T13:35:34 IST" name="setUpClass" finished-at="2024-03-26T13:35:35 IST" duration-ms="904" status="PASS">
          <params>
            <param index="0">
              <value>
                <![CDATA[org.testng.TestRunner@3e8f7922]]>
              </value>
            </param>
          </params>
          <reporter-output>
          </reporter-output>
        </test-method> <!-- setUpClass -->
        <test-method signature="runScenario(io.cucumber.testng.PickleWrapper,io.cucumber.testng.FeatureWrapper)[pri:0, instance:com.application.testrunner.TestRunner@618b19ad]" started-at="2024-03-26T13:35:35 IST" name="runScenario" description="Runs Cucumber Scenarios" data-provider="scenarios" finished-at="2024-03-26T13:35:54 IST" duration-ms="19398" status="PASS">
          <params>
            <param index="0">
              <value>
                <![CDATA["user registration"]]>
              </value>
            </param>
            <param index="1">
              <value>
                <![CDATA["Register page"]]>
              </value>
            </param>
          </params>
          <reporter-output>
          </reporter-output>
        </test-method> <!-- runScenario -->
        <test-method signature="runScenario(io.cucumber.testng.PickleWrapper,io.cucumber.testng.FeatureWrapper)[pri:0, instance:com.application.testrunner.TestRunner@618b19ad]" started-at="2024-03-26T13:35:35 IST" name="runScenario" description="Runs Cucumber Scenarios" data-provider="scenarios" finished-at="2024-03-26T13:35:51 IST" duration-ms="16166" status="PASS">
          <params>
            <param index="0">
              <value>
                <![CDATA["Adding product to the cart"]]>
              </value>
            </param>
            <param index="1">
              <value>
                <![CDATA["product feature"]]>
              </value>
            </param>
          </params>
          <reporter-output>
          </reporter-output>
        </test-method> <!-- runScenario -->
        <test-method is-config="true" signature="tearDownClass()[pri:0, instance:com.application.testrunner.TestRunner@618b19ad]" started-at="2024-03-26T13:35:54 IST" name="tearDownClass" finished-at="2024-03-26T13:35:54 IST" duration-ms="39" status="PASS">
          <reporter-output>
          </reporter-output>
        </test-method> <!-- tearDownClass -->
      </class> <!-- com.application.testrunner.TestRunner -->
    </test> <!-- Default test -->
  </suite> <!-- Default suite -->
</testng-results>
